{"C:\\Users\\Bigmo\\Revature\\chirp-proj1-jest-testing-v2\\src\\index.ts": {"path":"C:\\Users\\Bigmo\\Revature\\chirp-proj1-jest-testing-v2\\src\\index.ts","statementMap":{"0":{"start":{"line":1,"column":0},"end":{"line":1,"column":30}},"1":{"start":{"line":2,"column":0},"end":{"line":2,"column":44}},"2":{"start":{"line":4,"column":0},"end":{"line":4,"column":null}},"3":{"start":{"line":12,"column":0},"end":{"line":12,"column":null}},"4":{"start":{"line":20,"column":13},"end":{"line":20,"column":17}},"5":{"start":{"line":21,"column":13},"end":{"line":21,"column":29}},"6":{"start":{"line":24,"column":0},"end":{"line":24,"column":24}},"7":{"start":{"line":25,"column":0},"end":{"line":25,"column":48}},"8":{"start":{"line":28,"column":0},"end":{"line":28,"column":34}},"9":{"start":{"line":29,"column":0},"end":{"line":29,"column":36}},"10":{"start":{"line":30,"column":0},"end":{"line":30,"column":33}},"11":{"start":{"line":31,"column":0},"end":{"line":31,"column":44}},"12":{"start":{"line":32,"column":0},"end":{"line":32,"column":42}},"13":{"start":{"line":35,"column":0},"end":{"line":35,"column":33}},"14":{"start":{"line":36,"column":0},"end":{"line":36,"column":37}},"15":{"start":{"line":37,"column":0},"end":{"line":37,"column":40}},"16":{"start":{"line":38,"column":0},"end":{"line":38,"column":33}},"17":{"start":{"line":39,"column":0},"end":{"line":39,"column":42}},"18":{"start":{"line":40,"column":0},"end":{"line":40,"column":48}},"19":{"start":{"line":43,"column":0},"end":{"line":47,"column":null}},"20":{"start":{"line":44,"column":2},"end":{"line":46,"column":5}},"21":{"start":{"line":45,"column":4},"end":{"line":45,"column":63}}},"fnMap":{"0":{"name":"(anonymous_1)","decl":{"start":{"line":44,"column":19},"end":{"line":44,"column":22}},"loc":{"start":{"line":44,"column":24},"end":{"line":46,"column":3}}}},"branchMap":{"0":{"loc":{"start":{"line":43,"column":0},"end":{"line":47,"column":null}},"type":"if","locations":[{"start":{"line":43,"column":0},"end":{"line":47,"column":null}},{"start":{"line":43,"column":0},"end":{"line":47,"column":null}}]}},"s":{"0":1,"1":1,"2":1,"3":1,"4":1,"5":1,"6":1,"7":1,"8":1,"9":1,"10":1,"11":1,"12":1,"13":1,"14":1,"15":1,"16":1,"17":1,"18":1,"19":1,"20":0,"21":0},"f":{"0":0},"b":{"0":[0,1]}}
,"C:\\Users\\Bigmo\\Revature\\chirp-proj1-jest-testing-v2\\src\\controllers\\chirpControllers.ts": {"path":"C:\\Users\\Bigmo\\Revature\\chirp-proj1-jest-testing-v2\\src\\controllers\\chirpControllers.ts","statementMap":{"0":{"start":{"line":1,"column":0},"end":{"line":1,"column":58}},"1":{"start":{"line":3,"column":0},"end":{"line":3,"column":41}},"2":{"start":{"line":5,"column":0},"end":{"line":5,"column":58}},"3":{"start":{"line":7,"column":17},"end":{"line":7,"column":32}},"4":{"start":{"line":8,"column":12},"end":{"line":8,"column":123}},"5":{"start":{"line":16,"column":28},"end":{"line":19,"column":2}},"6":{"start":{"line":16,"column":66},"end":{"line":19,"column":2}},"7":{"start":{"line":17,"column":14},"end":{"line":17,"column":22}},"8":{"start":{"line":18,"column":2},"end":{"line":18,"column":61}},"9":{"start":{"line":16,"column":13},"end":{"line":16,"column":28}},"10":{"start":{"line":28,"column":25},"end":{"line":31,"column":null}},"11":{"start":{"line":28,"column":63},"end":{"line":31,"column":null}},"12":{"start":{"line":29,"column":24},"end":{"line":29,"column":34}},"13":{"start":{"line":30,"column":2},"end":{"line":30,"column":71}},"14":{"start":{"line":28,"column":13},"end":{"line":28,"column":25}},"15":{"start":{"line":40,"column":29},"end":{"line":43,"column":null}},"16":{"start":{"line":40,"column":67},"end":{"line":43,"column":null}},"17":{"start":{"line":41,"column":23},"end":{"line":41,"column":33}},"18":{"start":{"line":42,"column":2},"end":{"line":42,"column":77}},"19":{"start":{"line":40,"column":13},"end":{"line":40,"column":29}},"20":{"start":{"line":51,"column":27},"end":{"line":56,"column":2}},"21":{"start":{"line":51,"column":65},"end":{"line":56,"column":2}},"22":{"start":{"line":52,"column":22},"end":{"line":52,"column":32}},"23":{"start":{"line":53,"column":18},"end":{"line":53,"column":31}},"24":{"start":{"line":55,"column":2},"end":{"line":55,"column":76}},"25":{"start":{"line":51,"column":13},"end":{"line":51,"column":27}},"26":{"start":{"line":64,"column":30},"end":{"line":67,"column":2}},"27":{"start":{"line":64,"column":68},"end":{"line":67,"column":2}},"28":{"start":{"line":65,"column":22},"end":{"line":65,"column":32}},"29":{"start":{"line":66,"column":2},"end":{"line":66,"column":67}},"30":{"start":{"line":64,"column":13},"end":{"line":64,"column":30}},"31":{"start":{"line":76,"column":25},"end":{"line":78,"column":2}},"32":{"start":{"line":76,"column":63},"end":{"line":78,"column":2}},"33":{"start":{"line":77,"column":2},"end":{"line":77,"column":64}},"34":{"start":{"line":76,"column":13},"end":{"line":76,"column":25}}},"fnMap":{"0":{"name":"(anonymous_8)","decl":{"start":{"line":16,"column":28},"end":{"line":16,"column":35}},"loc":{"start":{"line":16,"column":66},"end":{"line":19,"column":2}}},"1":{"name":"(anonymous_9)","decl":{"start":{"line":16,"column":66},"end":{"line":16,"column":null}},"loc":{"start":{"line":16,"column":66},"end":{"line":19,"column":1}}},"2":{"name":"(anonymous_10)","decl":{"start":{"line":28,"column":25},"end":{"line":28,"column":32}},"loc":{"start":{"line":28,"column":63},"end":{"line":31,"column":null}}},"3":{"name":"(anonymous_11)","decl":{"start":{"line":28,"column":63},"end":{"line":28,"column":null}},"loc":{"start":{"line":28,"column":63},"end":{"line":31,"column":1}}},"4":{"name":"(anonymous_12)","decl":{"start":{"line":40,"column":29},"end":{"line":40,"column":36}},"loc":{"start":{"line":40,"column":67},"end":{"line":43,"column":null}}},"5":{"name":"(anonymous_13)","decl":{"start":{"line":40,"column":67},"end":{"line":40,"column":null}},"loc":{"start":{"line":40,"column":67},"end":{"line":43,"column":1}}},"6":{"name":"(anonymous_14)","decl":{"start":{"line":51,"column":27},"end":{"line":51,"column":34}},"loc":{"start":{"line":51,"column":65},"end":{"line":56,"column":2}}},"7":{"name":"(anonymous_15)","decl":{"start":{"line":51,"column":65},"end":{"line":51,"column":null}},"loc":{"start":{"line":51,"column":65},"end":{"line":56,"column":1}}},"8":{"name":"(anonymous_16)","decl":{"start":{"line":64,"column":30},"end":{"line":64,"column":37}},"loc":{"start":{"line":64,"column":68},"end":{"line":67,"column":2}}},"9":{"name":"(anonymous_17)","decl":{"start":{"line":64,"column":68},"end":{"line":64,"column":null}},"loc":{"start":{"line":64,"column":68},"end":{"line":67,"column":1}}},"10":{"name":"(anonymous_18)","decl":{"start":{"line":76,"column":25},"end":{"line":76,"column":32}},"loc":{"start":{"line":76,"column":63},"end":{"line":78,"column":2}}},"11":{"name":"(anonymous_19)","decl":{"start":{"line":76,"column":63},"end":{"line":76,"column":null}},"loc":{"start":{"line":76,"column":63},"end":{"line":78,"column":1}}}},"branchMap":{"0":{"loc":{"start":{"line":8,"column":23},"end":{"line":8,"column":87}},"type":"cond-expr","locations":[{"start":{"line":8,"column":23},"end":{"line":8,"column":87}},{"start":{"line":8,"column":90},"end":{"line":8,"column":123}}]}},"s":{"0":1,"1":1,"2":1,"3":1,"4":1,"5":1,"6":1,"7":1,"8":1,"9":1,"10":1,"11":1,"12":1,"13":1,"14":1,"15":1,"16":1,"17":1,"18":1,"19":1,"20":1,"21":1,"22":1,"23":1,"24":1,"25":1,"26":1,"27":1,"28":1,"29":1,"30":1,"31":1,"32":1,"33":1,"34":1},"f":{"0":1,"1":1,"2":1,"3":1,"4":1,"5":1,"6":1,"7":1,"8":1,"9":1,"10":1,"11":1},"b":{"0":[0,1]}}
,"C:\\Users\\Bigmo\\Revature\\chirp-proj1-jest-testing-v2\\src\\controllers\\userControllers.ts": {"path":"C:\\Users\\Bigmo\\Revature\\chirp-proj1-jest-testing-v2\\src\\controllers\\userControllers.ts","statementMap":{"0":{"start":{"line":1,"column":0},"end":{"line":1,"column":58}},"1":{"start":{"line":3,"column":0},"end":{"line":3,"column":39}},"2":{"start":{"line":4,"column":0},"end":{"line":4,"column":32}},"3":{"start":{"line":5,"column":0},"end":{"line":5,"column":58}},"4":{"start":{"line":6,"column":0},"end":{"line":6,"column":9}},"5":{"start":{"line":8,"column":16},"end":{"line":8,"column":30}},"6":{"start":{"line":9,"column":12},"end":{"line":9,"column":123}},"7":{"start":{"line":17,"column":29},"end":{"line":20,"column":null}},"8":{"start":{"line":17,"column":67},"end":{"line":20,"column":null}},"9":{"start":{"line":18,"column":13},"end":{"line":18,"column":21}},"10":{"start":{"line":19,"column":2},"end":{"line":19,"column":60}},"11":{"start":{"line":17,"column":13},"end":{"line":17,"column":29}},"12":{"start":{"line":29,"column":23},"end":{"line":32,"column":null}},"13":{"start":{"line":29,"column":61},"end":{"line":32,"column":null}},"14":{"start":{"line":30,"column":17},"end":{"line":30,"column":36}},"15":{"start":{"line":31,"column":2},"end":{"line":31,"column":68}},"16":{"start":{"line":29,"column":13},"end":{"line":29,"column":23}},"17":{"start":{"line":40,"column":27},"end":{"line":45,"column":2}},"18":{"start":{"line":40,"column":65},"end":{"line":45,"column":2}},"19":{"start":{"line":41,"column":17},"end":{"line":41,"column":36}},"20":{"start":{"line":42,"column":12},"end":{"line":42,"column":24}},"21":{"start":{"line":44,"column":2},"end":{"line":44,"column":72}},"22":{"start":{"line":40,"column":13},"end":{"line":40,"column":27}},"23":{"start":{"line":53,"column":26},"end":{"line":56,"column":2}},"24":{"start":{"line":53,"column":64},"end":{"line":56,"column":2}},"25":{"start":{"line":54,"column":17},"end":{"line":54,"column":36}},"26":{"start":{"line":55,"column":2},"end":{"line":55,"column":64}},"27":{"start":{"line":53,"column":13},"end":{"line":53,"column":26}},"28":{"start":{"line":65,"column":27},"end":{"line":67,"column":2}},"29":{"start":{"line":65,"column":65},"end":{"line":67,"column":2}},"30":{"start":{"line":66,"column":2},"end":{"line":66,"column":62}},"31":{"start":{"line":65,"column":13},"end":{"line":65,"column":27}}},"fnMap":{"0":{"name":"(anonymous_8)","decl":{"start":{"line":17,"column":29},"end":{"line":17,"column":36}},"loc":{"start":{"line":17,"column":67},"end":{"line":20,"column":null}}},"1":{"name":"(anonymous_9)","decl":{"start":{"line":17,"column":67},"end":{"line":17,"column":null}},"loc":{"start":{"line":17,"column":67},"end":{"line":20,"column":1}}},"2":{"name":"(anonymous_10)","decl":{"start":{"line":29,"column":23},"end":{"line":29,"column":30}},"loc":{"start":{"line":29,"column":61},"end":{"line":32,"column":null}}},"3":{"name":"(anonymous_11)","decl":{"start":{"line":29,"column":61},"end":{"line":29,"column":null}},"loc":{"start":{"line":29,"column":61},"end":{"line":32,"column":1}}},"4":{"name":"(anonymous_12)","decl":{"start":{"line":40,"column":27},"end":{"line":40,"column":34}},"loc":{"start":{"line":40,"column":65},"end":{"line":45,"column":2}}},"5":{"name":"(anonymous_13)","decl":{"start":{"line":40,"column":65},"end":{"line":40,"column":null}},"loc":{"start":{"line":40,"column":65},"end":{"line":45,"column":1}}},"6":{"name":"(anonymous_14)","decl":{"start":{"line":53,"column":26},"end":{"line":53,"column":33}},"loc":{"start":{"line":53,"column":64},"end":{"line":56,"column":2}}},"7":{"name":"(anonymous_15)","decl":{"start":{"line":53,"column":64},"end":{"line":53,"column":null}},"loc":{"start":{"line":53,"column":64},"end":{"line":56,"column":1}}},"8":{"name":"(anonymous_16)","decl":{"start":{"line":65,"column":27},"end":{"line":65,"column":34}},"loc":{"start":{"line":65,"column":65},"end":{"line":67,"column":2}}},"9":{"name":"(anonymous_17)","decl":{"start":{"line":65,"column":65},"end":{"line":65,"column":null}},"loc":{"start":{"line":65,"column":65},"end":{"line":67,"column":1}}}},"branchMap":{"0":{"loc":{"start":{"line":9,"column":23},"end":{"line":9,"column":87}},"type":"cond-expr","locations":[{"start":{"line":9,"column":23},"end":{"line":9,"column":87}},{"start":{"line":9,"column":90},"end":{"line":9,"column":123}}]}},"s":{"0":1,"1":1,"2":1,"3":1,"4":1,"5":1,"6":1,"7":1,"8":1,"9":1,"10":1,"11":1,"12":1,"13":1,"14":1,"15":1,"16":1,"17":1,"18":1,"19":1,"20":1,"21":1,"22":1,"23":1,"24":1,"25":1,"26":1,"27":1,"28":1,"29":1,"30":1,"31":1},"f":{"0":1,"1":1,"2":1,"3":1,"4":1,"5":1,"6":1,"7":1,"8":1,"9":1},"b":{"0":[0,1]}}
,"C:\\Users\\Bigmo\\Revature\\chirp-proj1-jest-testing-v2\\src\\dao\\ChirpsDao.ts": {"path":"C:\\Users\\Bigmo\\Revature\\chirp-proj1-jest-testing-v2\\src\\dao\\ChirpsDao.ts","statementMap":{"0":{"start":{"line":2,"column":0},"end":{"line":2,"column":71}},"1":{"start":{"line":3,"column":0},"end":{"line":3,"column":107}},"2":{"start":{"line":4,"column":0},"end":{"line":4,"column":32}},"3":{"start":{"line":5,"column":0},"end":{"line":5,"column":57}},"4":{"start":{"line":6,"column":0},"end":{"line":6,"column":9}},"5":{"start":{"line":8,"column":21},"end":{"line":8,"column":45}},"6":{"start":{"line":18,"column":23},"end":{"line":18,"column":50}},"7":{"start":{"line":20,"column":8},"end":{"line":25,"column":null}},"8":{"start":{"line":21,"column":27},"end":{"line":21,"column":66}},"9":{"start":{"line":22,"column":12},"end":{"line":22,"column":56}},"10":{"start":{"line":24,"column":12},"end":{"line":24,"column":40}},"11":{"start":{"line":37,"column":23},"end":{"line":43,"column":null}},"12":{"start":{"line":45,"column":8},"end":{"line":50,"column":null}},"13":{"start":{"line":46,"column":27},"end":{"line":46,"column":67}},"14":{"start":{"line":47,"column":12},"end":{"line":47,"column":56}},"15":{"start":{"line":49,"column":12},"end":{"line":49,"column":40}},"16":{"start":{"line":62,"column":23},"end":{"line":65,"column":null}},"17":{"start":{"line":67,"column":8},"end":{"line":72,"column":null}},"18":{"start":{"line":68,"column":22},"end":{"line":68,"column":60}},"19":{"start":{"line":69,"column":8},"end":{"line":69,"column":26}},"20":{"start":{"line":71,"column":12},"end":{"line":71,"column":null}},"21":{"start":{"line":82,"column":23},"end":{"line":85,"column":null}},"22":{"start":{"line":87,"column":8},"end":{"line":92,"column":null}},"23":{"start":{"line":88,"column":12},"end":{"line":88,"column":51}},"24":{"start":{"line":89,"column":12},"end":{"line":89,"column":50}},"25":{"start":{"line":91,"column":12},"end":{"line":91,"column":40}},"26":{"start":{"line":102,"column":23},"end":{"line":107,"column":null}},"27":{"start":{"line":109,"column":8},"end":{"line":114,"column":null}},"28":{"start":{"line":110,"column":9},"end":{"line":110,"column":51}},"29":{"start":{"line":111,"column":12},"end":{"line":111,"column":42}},"30":{"start":{"line":113,"column":12},"end":{"line":113,"column":40}},"31":{"start":{"line":123,"column":23},"end":{"line":126,"column":null}},"32":{"start":{"line":128,"column":8},"end":{"line":133,"column":null}},"33":{"start":{"line":129,"column":12},"end":{"line":129,"column":54}},"34":{"start":{"line":130,"column":12},"end":{"line":130,"column":42}},"35":{"start":{"line":132,"column":12},"end":{"line":132,"column":null}},"36":{"start":{"line":10,"column":0},"end":{"line":10,"column":21}}},"fnMap":{"0":{"name":"(anonymous_7)","decl":{"start":{"line":17,"column":17},"end":{"line":17,"column":29}},"loc":{"start":{"line":17,"column":48},"end":{"line":26,"column":null}}},"1":{"name":"(anonymous_9)","decl":{"start":{"line":36,"column":17},"end":{"line":36,"column":32}},"loc":{"start":{"line":36,"column":68},"end":{"line":51,"column":null}}},"2":{"name":"(anonymous_11)","decl":{"start":{"line":61,"column":18},"end":{"line":61,"column":26}},"loc":{"start":{"line":61,"column":63},"end":{"line":73,"column":null}}},"3":{"name":"(anonymous_13)","decl":{"start":{"line":81,"column":17},"end":{"line":81,"column":26}},"loc":{"start":{"line":81,"column":56},"end":{"line":93,"column":null}}},"4":{"name":"(anonymous_15)","decl":{"start":{"line":101,"column":17},"end":{"line":101,"column":26}},"loc":{"start":{"line":101,"column":82},"end":{"line":115,"column":null}}},"5":{"name":"(anonymous_17)","decl":{"start":{"line":122,"column":17},"end":{"line":122,"column":28}},"loc":{"start":{"line":122,"column":66},"end":{"line":134,"column":null}}}},"branchMap":{},"s":{"0":1,"1":1,"2":1,"3":1,"4":1,"5":1,"6":1,"7":1,"8":1,"9":1,"10":0,"11":1,"12":1,"13":1,"14":1,"15":0,"16":1,"17":1,"18":1,"19":1,"20":0,"21":1,"22":1,"23":1,"24":1,"25":0,"26":1,"27":1,"28":1,"29":1,"30":0,"31":1,"32":1,"33":1,"34":1,"35":0,"36":1},"f":{"0":1,"1":1,"2":1,"3":1,"4":1,"5":1},"b":{}}
,"C:\\Users\\Bigmo\\Revature\\chirp-proj1-jest-testing-v2\\src\\dao\\UsersDao.ts": {"path":"C:\\Users\\Bigmo\\Revature\\chirp-proj1-jest-testing-v2\\src\\dao\\UsersDao.ts","statementMap":{"0":{"start":{"line":1,"column":0},"end":{"line":1,"column":71}},"1":{"start":{"line":2,"column":0},"end":{"line":2,"column":null}},"2":{"start":{"line":8,"column":0},"end":{"line":8,"column":32}},"3":{"start":{"line":9,"column":0},"end":{"line":9,"column":57}},"4":{"start":{"line":10,"column":0},"end":{"line":10,"column":9}},"5":{"start":{"line":12,"column":20},"end":{"line":12,"column":43}},"6":{"start":{"line":23,"column":19},"end":{"line":23,"column":45}},"7":{"start":{"line":25,"column":4},"end":{"line":30,"column":null}},"8":{"start":{"line":26,"column":20},"end":{"line":26,"column":59}},"9":{"start":{"line":27,"column":6},"end":{"line":27,"column":49}},"10":{"start":{"line":29,"column":6},"end":{"line":29,"column":34}},"11":{"start":{"line":40,"column":19},"end":{"line":43,"column":6}},"12":{"start":{"line":45,"column":4},"end":{"line":50,"column":null}},"13":{"start":{"line":46,"column":19},"end":{"line":46,"column":57}},"14":{"start":{"line":47,"column":6},"end":{"line":47,"column":23}},"15":{"start":{"line":49,"column":6},"end":{"line":49,"column":34}},"16":{"start":{"line":60,"column":19},"end":{"line":63,"column":6}},"17":{"start":{"line":65,"column":4},"end":{"line":70,"column":null}},"18":{"start":{"line":66,"column":6},"end":{"line":66,"column":45}},"19":{"start":{"line":67,"column":6},"end":{"line":67,"column":44}},"20":{"start":{"line":69,"column":6},"end":{"line":69,"column":34}},"21":{"start":{"line":81,"column":19},"end":{"line":86,"column":6}},"22":{"start":{"line":88,"column":4},"end":{"line":93,"column":null}},"23":{"start":{"line":89,"column":6},"end":{"line":89,"column":48}},"24":{"start":{"line":90,"column":6},"end":{"line":90,"column":34}},"25":{"start":{"line":92,"column":6},"end":{"line":92,"column":34}},"26":{"start":{"line":103,"column":19},"end":{"line":106,"column":6}},"27":{"start":{"line":108,"column":4},"end":{"line":113,"column":null}},"28":{"start":{"line":109,"column":6},"end":{"line":109,"column":48}},"29":{"start":{"line":110,"column":6},"end":{"line":110,"column":35}},"30":{"start":{"line":112,"column":6},"end":{"line":112,"column":34}},"31":{"start":{"line":15,"column":0},"end":{"line":15,"column":21}}},"fnMap":{"0":{"name":"(anonymous_7)","decl":{"start":{"line":22,"column":15},"end":{"line":22,"column":26}},"loc":{"start":{"line":22,"column":45},"end":{"line":31,"column":null}}},"1":{"name":"(anonymous_9)","decl":{"start":{"line":39,"column":15},"end":{"line":39,"column":22}},"loc":{"start":{"line":39,"column":58},"end":{"line":51,"column":null}}},"2":{"name":"(anonymous_11)","decl":{"start":{"line":59,"column":15},"end":{"line":59,"column":25}},"loc":{"start":{"line":59,"column":54},"end":{"line":71,"column":null}}},"3":{"name":"(anonymous_13)","decl":{"start":{"line":80,"column":15},"end":{"line":80,"column":28}},"loc":{"start":{"line":80,"column":78},"end":{"line":94,"column":null}}},"4":{"name":"(anonymous_15)","decl":{"start":{"line":102,"column":15},"end":{"line":102,"column":25}},"loc":{"start":{"line":102,"column":62},"end":{"line":114,"column":null}}}},"branchMap":{},"s":{"0":1,"1":1,"2":1,"3":1,"4":1,"5":1,"6":1,"7":1,"8":1,"9":1,"10":0,"11":1,"12":1,"13":1,"14":1,"15":0,"16":1,"17":1,"18":1,"19":1,"20":0,"21":1,"22":1,"23":1,"24":1,"25":0,"26":1,"27":1,"28":1,"29":1,"30":0,"31":1},"f":{"0":1,"1":1,"2":1,"3":1,"4":1},"b":{}}
}
