{"E:\\Shared\\git-repo\\chirp-proj1\\src\\index.ts": {"path":"E:\\Shared\\git-repo\\chirp-proj1\\src\\index.ts","statementMap":{"0":{"start":{"line":1,"column":0},"end":{"line":1,"column":30}},"1":{"start":{"line":2,"column":0},"end":{"line":2,"column":null}},"2":{"start":{"line":10,"column":0},"end":{"line":10,"column":null}},"3":{"start":{"line":18,"column":13},"end":{"line":18,"column":17}},"4":{"start":{"line":19,"column":13},"end":{"line":19,"column":29}},"5":{"start":{"line":22,"column":0},"end":{"line":22,"column":24}},"6":{"start":{"line":23,"column":0},"end":{"line":23,"column":48}},"7":{"start":{"line":26,"column":0},"end":{"line":26,"column":34}},"8":{"start":{"line":27,"column":0},"end":{"line":27,"column":36}},"9":{"start":{"line":28,"column":0},"end":{"line":28,"column":33}},"10":{"start":{"line":29,"column":0},"end":{"line":29,"column":44}},"11":{"start":{"line":30,"column":0},"end":{"line":30,"column":42}},"12":{"start":{"line":33,"column":0},"end":{"line":33,"column":33}},"13":{"start":{"line":34,"column":0},"end":{"line":34,"column":37}},"14":{"start":{"line":35,"column":0},"end":{"line":35,"column":40}},"15":{"start":{"line":36,"column":0},"end":{"line":36,"column":33}},"16":{"start":{"line":37,"column":0},"end":{"line":37,"column":42}},"17":{"start":{"line":38,"column":0},"end":{"line":38,"column":48}},"18":{"start":{"line":41,"column":0},"end":{"line":43,"column":3}},"19":{"start":{"line":42,"column":2},"end":{"line":42,"column":61}}},"fnMap":{"0":{"name":"(anonymous_1)","decl":{"start":{"line":41,"column":17},"end":{"line":41,"column":20}},"loc":{"start":{"line":41,"column":22},"end":{"line":43,"column":1}}}},"branchMap":{},"s":{"0":1,"1":1,"2":1,"3":1,"4":1,"5":1,"6":1,"7":1,"8":1,"9":1,"10":1,"11":1,"12":1,"13":1,"14":1,"15":1,"16":1,"17":1,"18":1,"19":1},"f":{"0":1},"b":{}}
,"E:\\Shared\\git-repo\\chirp-proj1\\src\\controllers\\chirpControllers.ts": {"path":"E:\\Shared\\git-repo\\chirp-proj1\\src\\controllers\\chirpControllers.ts","statementMap":{"0":{"start":{"line":2,"column":0},"end":{"line":2,"column":41}},"1":{"start":{"line":4,"column":17},"end":{"line":4,"column":32}},"2":{"start":{"line":7,"column":28},"end":{"line":10,"column":2}},"3":{"start":{"line":7,"column":66},"end":{"line":10,"column":2}},"4":{"start":{"line":8,"column":14},"end":{"line":8,"column":22}},"5":{"start":{"line":9,"column":2},"end":{"line":9,"column":56}},"6":{"start":{"line":7,"column":13},"end":{"line":7,"column":28}},"7":{"start":{"line":14,"column":24},"end":{"line":14,"column":34}},"8":{"start":{"line":15,"column":2},"end":{"line":15,"column":66}},"9":{"start":{"line":13,"column":0},"end":{"line":13,"column":22}},"10":{"start":{"line":20,"column":23},"end":{"line":20,"column":33}},"11":{"start":{"line":21,"column":2},"end":{"line":21,"column":72}},"12":{"start":{"line":19,"column":0},"end":{"line":19,"column":22}},"13":{"start":{"line":25,"column":27},"end":{"line":30,"column":2}},"14":{"start":{"line":25,"column":65},"end":{"line":30,"column":2}},"15":{"start":{"line":26,"column":22},"end":{"line":26,"column":32}},"16":{"start":{"line":27,"column":18},"end":{"line":27,"column":31}},"17":{"start":{"line":29,"column":2},"end":{"line":29,"column":71}},"18":{"start":{"line":25,"column":13},"end":{"line":25,"column":27}},"19":{"start":{"line":33,"column":30},"end":{"line":36,"column":2}},"20":{"start":{"line":33,"column":68},"end":{"line":36,"column":2}},"21":{"start":{"line":34,"column":22},"end":{"line":34,"column":32}},"22":{"start":{"line":35,"column":2},"end":{"line":35,"column":62}},"23":{"start":{"line":33,"column":13},"end":{"line":33,"column":30}},"24":{"start":{"line":39,"column":25},"end":{"line":41,"column":2}},"25":{"start":{"line":39,"column":63},"end":{"line":41,"column":2}},"26":{"start":{"line":40,"column":2},"end":{"line":40,"column":61}},"27":{"start":{"line":39,"column":13},"end":{"line":39,"column":25}}},"fnMap":{"0":{"name":"(anonymous_8)","decl":{"start":{"line":7,"column":28},"end":{"line":7,"column":35}},"loc":{"start":{"line":7,"column":66},"end":{"line":10,"column":2}}},"1":{"name":"(anonymous_9)","decl":{"start":{"line":7,"column":66},"end":{"line":7,"column":null}},"loc":{"start":{"line":7,"column":66},"end":{"line":10,"column":1}}},"2":{"name":"getAChirp","decl":{"start":{"line":13,"column":22},"end":{"line":13,"column":31}},"loc":{"start":{"line":13,"column":59},"end":{"line":16,"column":null}}},"3":{"name":"getUserChirps","decl":{"start":{"line":19,"column":22},"end":{"line":19,"column":35}},"loc":{"start":{"line":19,"column":63},"end":{"line":22,"column":null}}},"4":{"name":"(anonymous_14)","decl":{"start":{"line":25,"column":27},"end":{"line":25,"column":34}},"loc":{"start":{"line":25,"column":65},"end":{"line":30,"column":2}}},"5":{"name":"(anonymous_15)","decl":{"start":{"line":25,"column":65},"end":{"line":25,"column":null}},"loc":{"start":{"line":25,"column":65},"end":{"line":30,"column":1}}},"6":{"name":"(anonymous_16)","decl":{"start":{"line":33,"column":30},"end":{"line":33,"column":37}},"loc":{"start":{"line":33,"column":68},"end":{"line":36,"column":2}}},"7":{"name":"(anonymous_17)","decl":{"start":{"line":33,"column":68},"end":{"line":33,"column":null}},"loc":{"start":{"line":33,"column":68},"end":{"line":36,"column":1}}},"8":{"name":"(anonymous_18)","decl":{"start":{"line":39,"column":25},"end":{"line":39,"column":32}},"loc":{"start":{"line":39,"column":63},"end":{"line":41,"column":2}}},"9":{"name":"(anonymous_19)","decl":{"start":{"line":39,"column":63},"end":{"line":39,"column":null}},"loc":{"start":{"line":39,"column":63},"end":{"line":41,"column":1}}}},"branchMap":{},"s":{"0":1,"1":1,"2":1,"3":1,"4":1,"5":1,"6":1,"7":1,"8":1,"9":1,"10":1,"11":1,"12":1,"13":1,"14":1,"15":1,"16":1,"17":1,"18":1,"19":1,"20":1,"21":1,"22":1,"23":1,"24":1,"25":1,"26":1,"27":1},"f":{"0":1,"1":1,"2":1,"3":1,"4":1,"5":1,"6":1,"7":1,"8":1,"9":1},"b":{}}
,"E:\\Shared\\git-repo\\chirp-proj1\\src\\controllers\\userControllers.ts": {"path":"E:\\Shared\\git-repo\\chirp-proj1\\src\\controllers\\userControllers.ts","statementMap":{"0":{"start":{"line":2,"column":0},"end":{"line":2,"column":39}},"1":{"start":{"line":4,"column":16},"end":{"line":4,"column":30}},"2":{"start":{"line":7,"column":29},"end":{"line":11,"column":null}},"3":{"start":{"line":7,"column":67},"end":{"line":11,"column":null}},"4":{"start":{"line":8,"column":13},"end":{"line":8,"column":21}},"5":{"start":{"line":10,"column":2},"end":{"line":10,"column":55}},"6":{"start":{"line":7,"column":13},"end":{"line":7,"column":29}},"7":{"start":{"line":15,"column":19},"end":{"line":15,"column":38}},"8":{"start":{"line":16,"column":2},"end":{"line":16,"column":63}},"9":{"start":{"line":14,"column":0},"end":{"line":14,"column":22}},"10":{"start":{"line":20,"column":27},"end":{"line":25,"column":2}},"11":{"start":{"line":20,"column":65},"end":{"line":25,"column":2}},"12":{"start":{"line":21,"column":17},"end":{"line":21,"column":36}},"13":{"start":{"line":22,"column":12},"end":{"line":22,"column":24}},"14":{"start":{"line":24,"column":2},"end":{"line":24,"column":67}},"15":{"start":{"line":20,"column":13},"end":{"line":20,"column":27}},"16":{"start":{"line":28,"column":26},"end":{"line":31,"column":2}},"17":{"start":{"line":28,"column":64},"end":{"line":31,"column":2}},"18":{"start":{"line":29,"column":17},"end":{"line":29,"column":36}},"19":{"start":{"line":30,"column":2},"end":{"line":30,"column":59}},"20":{"start":{"line":28,"column":13},"end":{"line":28,"column":26}},"21":{"start":{"line":34,"column":27},"end":{"line":36,"column":2}},"22":{"start":{"line":34,"column":65},"end":{"line":36,"column":2}},"23":{"start":{"line":35,"column":2},"end":{"line":35,"column":59}},"24":{"start":{"line":34,"column":13},"end":{"line":34,"column":27}}},"fnMap":{"0":{"name":"(anonymous_8)","decl":{"start":{"line":7,"column":29},"end":{"line":7,"column":36}},"loc":{"start":{"line":7,"column":67},"end":{"line":11,"column":null}}},"1":{"name":"(anonymous_9)","decl":{"start":{"line":7,"column":67},"end":{"line":7,"column":null}},"loc":{"start":{"line":7,"column":67},"end":{"line":11,"column":1}}},"2":{"name":"getUser","decl":{"start":{"line":14,"column":22},"end":{"line":14,"column":29}},"loc":{"start":{"line":14,"column":57},"end":{"line":17,"column":null}}},"3":{"name":"(anonymous_12)","decl":{"start":{"line":20,"column":27},"end":{"line":20,"column":34}},"loc":{"start":{"line":20,"column":65},"end":{"line":25,"column":2}}},"4":{"name":"(anonymous_13)","decl":{"start":{"line":20,"column":65},"end":{"line":20,"column":null}},"loc":{"start":{"line":20,"column":65},"end":{"line":25,"column":1}}},"5":{"name":"(anonymous_14)","decl":{"start":{"line":28,"column":26},"end":{"line":28,"column":33}},"loc":{"start":{"line":28,"column":64},"end":{"line":31,"column":2}}},"6":{"name":"(anonymous_15)","decl":{"start":{"line":28,"column":64},"end":{"line":28,"column":null}},"loc":{"start":{"line":28,"column":64},"end":{"line":31,"column":1}}},"7":{"name":"(anonymous_16)","decl":{"start":{"line":34,"column":27},"end":{"line":34,"column":34}},"loc":{"start":{"line":34,"column":65},"end":{"line":36,"column":2}}},"8":{"name":"(anonymous_17)","decl":{"start":{"line":34,"column":65},"end":{"line":34,"column":null}},"loc":{"start":{"line":34,"column":65},"end":{"line":36,"column":1}}}},"branchMap":{},"s":{"0":1,"1":1,"2":1,"3":1,"4":1,"5":1,"6":1,"7":1,"8":1,"9":1,"10":1,"11":1,"12":1,"13":1,"14":1,"15":1,"16":1,"17":1,"18":1,"19":1,"20":1,"21":1,"22":1,"23":1,"24":1},"f":{"0":1,"1":1,"2":1,"3":1,"4":1,"5":1,"6":1,"7":1,"8":1},"b":{}}
,"E:\\Shared\\git-repo\\chirp-proj1\\src\\dao\\ChirpsDao.ts": {"path":"E:\\Shared\\git-repo\\chirp-proj1\\src\\dao\\ChirpsDao.ts","statementMap":{"0":{"start":{"line":2,"column":0},"end":{"line":2,"column":71}},"1":{"start":{"line":3,"column":0},"end":{"line":3,"column":107}},"2":{"start":{"line":4,"column":0},"end":{"line":4,"column":32}},"3":{"start":{"line":5,"column":0},"end":{"line":5,"column":9}},"4":{"start":{"line":7,"column":17},"end":{"line":13,"column":null}},"5":{"start":{"line":18,"column":15},"end":{"line":18,"column":46}},"6":{"start":{"line":19,"column":21},"end":{"line":19,"column":45}},"7":{"start":{"line":24,"column":23},"end":{"line":24,"column":50}},"8":{"start":{"line":26,"column":8},"end":{"line":31,"column":null}},"9":{"start":{"line":27,"column":27},"end":{"line":27,"column":69}},"10":{"start":{"line":28,"column":12},"end":{"line":28,"column":32}},"11":{"start":{"line":30,"column":12},"end":{"line":30,"column":40}},"12":{"start":{"line":36,"column":23},"end":{"line":42,"column":null}},"13":{"start":{"line":44,"column":8},"end":{"line":49,"column":null}},"14":{"start":{"line":45,"column":27},"end":{"line":45,"column":70}},"15":{"start":{"line":46,"column":12},"end":{"line":46,"column":32}},"16":{"start":{"line":48,"column":12},"end":{"line":48,"column":40}},"17":{"start":{"line":54,"column":23},"end":{"line":57,"column":null}},"18":{"start":{"line":59,"column":8},"end":{"line":64,"column":null}},"19":{"start":{"line":60,"column":22},"end":{"line":60,"column":63}},"20":{"start":{"line":61,"column":8},"end":{"line":61,"column":26}},"21":{"start":{"line":63,"column":12},"end":{"line":63,"column":null}},"22":{"start":{"line":69,"column":23},"end":{"line":72,"column":null}},"23":{"start":{"line":74,"column":8},"end":{"line":79,"column":null}},"24":{"start":{"line":75,"column":12},"end":{"line":75,"column":54}},"25":{"start":{"line":76,"column":12},"end":{"line":76,"column":50}},"26":{"start":{"line":78,"column":12},"end":{"line":78,"column":40}},"27":{"start":{"line":84,"column":23},"end":{"line":89,"column":null}},"28":{"start":{"line":91,"column":8},"end":{"line":96,"column":null}},"29":{"start":{"line":92,"column":9},"end":{"line":92,"column":54}},"30":{"start":{"line":93,"column":12},"end":{"line":93,"column":42}},"31":{"start":{"line":95,"column":12},"end":{"line":95,"column":40}},"32":{"start":{"line":101,"column":23},"end":{"line":104,"column":null}},"33":{"start":{"line":106,"column":8},"end":{"line":111,"column":null}},"34":{"start":{"line":107,"column":12},"end":{"line":107,"column":57}},"35":{"start":{"line":108,"column":12},"end":{"line":108,"column":42}},"36":{"start":{"line":110,"column":12},"end":{"line":110,"column":null}},"37":{"start":{"line":21,"column":0},"end":{"line":21,"column":21}}},"fnMap":{"0":{"name":"(anonymous_7)","decl":{"start":{"line":23,"column":17},"end":{"line":23,"column":29}},"loc":{"start":{"line":23,"column":29},"end":{"line":32,"column":null}}},"1":{"name":"(anonymous_9)","decl":{"start":{"line":35,"column":17},"end":{"line":35,"column":32}},"loc":{"start":{"line":35,"column":48},"end":{"line":50,"column":null}}},"2":{"name":"(anonymous_11)","decl":{"start":{"line":53,"column":18},"end":{"line":53,"column":26}},"loc":{"start":{"line":53,"column":43},"end":{"line":65,"column":null}}},"3":{"name":"(anonymous_13)","decl":{"start":{"line":68,"column":17},"end":{"line":68,"column":26}},"loc":{"start":{"line":68,"column":36},"end":{"line":80,"column":null}}},"4":{"name":"(anonymous_15)","decl":{"start":{"line":83,"column":17},"end":{"line":83,"column":26}},"loc":{"start":{"line":83,"column":62},"end":{"line":97,"column":null}}},"5":{"name":"(anonymous_17)","decl":{"start":{"line":100,"column":17},"end":{"line":100,"column":28}},"loc":{"start":{"line":100,"column":46},"end":{"line":112,"column":null}}}},"branchMap":{"0":{"loc":{"start":{"line":9,"column":8},"end":{"line":9,"column":42}},"type":"binary-expr","locations":[{"start":{"line":9,"column":8},"end":{"line":9,"column":42}},{"start":{"line":9,"column":46},"end":{"line":13,"column":6}}]}},"s":{"0":2,"1":2,"2":2,"3":2,"4":2,"5":2,"6":2,"7":2,"8":2,"9":2,"10":2,"11":0,"12":2,"13":2,"14":2,"15":2,"16":0,"17":3,"18":3,"19":3,"20":3,"21":0,"22":5,"23":5,"24":5,"25":5,"26":0,"27":2,"28":2,"29":2,"30":2,"31":0,"32":2,"33":2,"34":2,"35":2,"36":0,"37":2},"f":{"0":2,"1":2,"2":3,"3":5,"4":2,"5":2},"b":{"0":[2,2]}}
,"E:\\Shared\\git-repo\\chirp-proj1\\src\\dao\\UsersDao.ts": {"path":"E:\\Shared\\git-repo\\chirp-proj1\\src\\dao\\UsersDao.ts","statementMap":{"0":{"start":{"line":2,"column":0},"end":{"line":2,"column":71}},"1":{"start":{"line":3,"column":0},"end":{"line":3,"column":null}},"2":{"start":{"line":9,"column":0},"end":{"line":9,"column":32}},"3":{"start":{"line":10,"column":0},"end":{"line":10,"column":9}},"4":{"start":{"line":12,"column":17},"end":{"line":18,"column":null}},"5":{"start":{"line":24,"column":15},"end":{"line":24,"column":46}},"6":{"start":{"line":25,"column":20},"end":{"line":25,"column":43}},"7":{"start":{"line":31,"column":19},"end":{"line":31,"column":45}},"8":{"start":{"line":33,"column":4},"end":{"line":38,"column":null}},"9":{"start":{"line":34,"column":20},"end":{"line":34,"column":62}},"10":{"start":{"line":35,"column":6},"end":{"line":35,"column":25}},"11":{"start":{"line":37,"column":6},"end":{"line":37,"column":34}},"12":{"start":{"line":43,"column":19},"end":{"line":46,"column":6}},"13":{"start":{"line":48,"column":4},"end":{"line":53,"column":null}},"14":{"start":{"line":49,"column":19},"end":{"line":49,"column":60}},"15":{"start":{"line":50,"column":6},"end":{"line":50,"column":23}},"16":{"start":{"line":52,"column":6},"end":{"line":52,"column":34}},"17":{"start":{"line":58,"column":19},"end":{"line":61,"column":6}},"18":{"start":{"line":63,"column":4},"end":{"line":68,"column":null}},"19":{"start":{"line":64,"column":6},"end":{"line":64,"column":48}},"20":{"start":{"line":65,"column":6},"end":{"line":65,"column":44}},"21":{"start":{"line":67,"column":6},"end":{"line":67,"column":34}},"22":{"start":{"line":73,"column":19},"end":{"line":78,"column":6}},"23":{"start":{"line":80,"column":4},"end":{"line":85,"column":null}},"24":{"start":{"line":81,"column":6},"end":{"line":81,"column":51}},"25":{"start":{"line":82,"column":6},"end":{"line":82,"column":34}},"26":{"start":{"line":84,"column":6},"end":{"line":84,"column":34}},"27":{"start":{"line":89,"column":19},"end":{"line":92,"column":6}},"28":{"start":{"line":94,"column":4},"end":{"line":99,"column":null}},"29":{"start":{"line":95,"column":6},"end":{"line":95,"column":51}},"30":{"start":{"line":96,"column":6},"end":{"line":96,"column":35}},"31":{"start":{"line":98,"column":6},"end":{"line":98,"column":34}},"32":{"start":{"line":28,"column":0},"end":{"line":28,"column":21}}},"fnMap":{"0":{"name":"(anonymous_7)","decl":{"start":{"line":30,"column":15},"end":{"line":30,"column":26}},"loc":{"start":{"line":30,"column":26},"end":{"line":39,"column":null}}},"1":{"name":"(anonymous_9)","decl":{"start":{"line":42,"column":15},"end":{"line":42,"column":22}},"loc":{"start":{"line":42,"column":39},"end":{"line":54,"column":null}}},"2":{"name":"(anonymous_11)","decl":{"start":{"line":57,"column":15},"end":{"line":57,"column":25}},"loc":{"start":{"line":57,"column":34},"end":{"line":69,"column":null}}},"3":{"name":"(anonymous_13)","decl":{"start":{"line":72,"column":15},"end":{"line":72,"column":28}},"loc":{"start":{"line":72,"column":58},"end":{"line":86,"column":null}}},"4":{"name":"(anonymous_15)","decl":{"start":{"line":88,"column":15},"end":{"line":88,"column":25}},"loc":{"start":{"line":88,"column":42},"end":{"line":100,"column":null}}}},"branchMap":{"0":{"loc":{"start":{"line":14,"column":6},"end":{"line":14,"column":40}},"type":"binary-expr","locations":[{"start":{"line":14,"column":6},"end":{"line":14,"column":40}},{"start":{"line":14,"column":44},"end":{"line":18,"column":4}}]}},"s":{"0":2,"1":2,"2":2,"3":2,"4":2,"5":2,"6":2,"7":2,"8":2,"9":2,"10":2,"11":0,"12":3,"13":3,"14":3,"15":3,"16":0,"17":4,"18":4,"19":4,"20":4,"21":0,"22":2,"23":2,"24":2,"25":2,"26":0,"27":2,"28":2,"29":2,"30":2,"31":0,"32":2},"f":{"0":2,"1":3,"2":4,"3":2,"4":2},"b":{"0":[2,2]}}
}
