TN:
SF:src\index.ts
FN:44,(anonymous_1)
FNF:1
FNH:0
FNDA:0,(anonymous_1)
DA:1,1
DA:2,1
DA:4,1
DA:12,1
DA:20,1
DA:21,1
DA:24,1
DA:25,1
DA:28,1
DA:29,1
DA:30,1
DA:31,1
DA:32,1
DA:35,1
DA:36,1
DA:37,1
DA:38,1
DA:39,1
DA:40,1
DA:43,1
DA:44,0
DA:45,0
DA:49,1
DA:50,1
LF:24
LH:22
BRDA:43,0,0,0
BRDA:43,0,1,1
BRF:2
BRH:1
end_of_record
TN:
SF:src\controllers\chirpControllers.ts
FN:12,(anonymous_8)
FN:12,(anonymous_9)
FN:24,(anonymous_10)
FN:24,(anonymous_11)
FN:36,(anonymous_12)
FN:36,(anonymous_13)
FN:47,(anonymous_14)
FN:47,(anonymous_15)
FN:60,(anonymous_16)
FN:60,(anonymous_17)
FN:72,(anonymous_18)
FN:72,(anonymous_19)
FNF:12
FNH:12
FNDA:1,(anonymous_8)
FNDA:1,(anonymous_9)
FNDA:1,(anonymous_10)
FNDA:1,(anonymous_11)
FNDA:1,(anonymous_12)
FNDA:1,(anonymous_13)
FNDA:1,(anonymous_14)
FNDA:1,(anonymous_15)
FNDA:1,(anonymous_16)
FNDA:1,(anonymous_17)
FNDA:1,(anonymous_18)
FNDA:1,(anonymous_19)
DA:2,1
DA:4,1
DA:12,1
DA:13,1
DA:14,1
DA:24,1
DA:25,1
DA:26,1
DA:36,1
DA:37,1
DA:38,1
DA:47,1
DA:48,1
DA:49,1
DA:51,1
DA:60,1
DA:61,1
DA:62,1
DA:72,1
DA:73,1
LF:20
LH:20
BRF:0
BRH:0
end_of_record
TN:
SF:src\controllers\userControllers.ts
FN:14,(anonymous_8)
FN:14,(anonymous_9)
FN:26,(anonymous_10)
FN:26,(anonymous_11)
FN:37,(anonymous_12)
FN:37,(anonymous_13)
FN:50,(anonymous_14)
FN:50,(anonymous_15)
FN:62,(anonymous_16)
FN:62,(anonymous_17)
FNF:10
FNH:10
FNDA:1,(anonymous_8)
FNDA:1,(anonymous_9)
FNDA:1,(anonymous_10)
FNDA:1,(anonymous_11)
FNDA:1,(anonymous_12)
FNDA:1,(anonymous_13)
FNDA:1,(anonymous_14)
FNDA:1,(anonymous_15)
FNDA:1,(anonymous_16)
FNDA:1,(anonymous_17)
DA:2,1
DA:3,1
DA:4,1
DA:6,1
DA:14,1
DA:15,1
DA:16,1
DA:26,1
DA:27,1
DA:28,1
DA:37,1
DA:38,1
DA:39,1
DA:41,1
DA:50,1
DA:51,1
DA:52,1
DA:62,1
DA:63,1
LF:19
LH:19
BRF:0
BRH:0
end_of_record
TN:
SF:src\dao\ChirpsDao.ts
FN:21,(anonymous_7)
FN:40,(anonymous_9)
FN:65,(anonymous_11)
FN:85,(anonymous_13)
FN:105,(anonymous_15)
FN:126,(anonymous_17)
FNF:6
FNH:6
FNDA:2,(anonymous_7)
FNDA:2,(anonymous_9)
FNDA:3,(anonymous_11)
FNDA:5,(anonymous_13)
FNDA:2,(anonymous_15)
FNDA:2,(anonymous_17)
DA:2,2
DA:3,2
DA:4,2
DA:5,2
DA:6,2
DA:7,2
DA:9,2
DA:10,2
DA:14,2
DA:22,2
DA:24,2
DA:25,2
DA:26,2
DA:28,0
DA:41,2
DA:49,2
DA:50,2
DA:51,2
DA:53,0
DA:66,3
DA:71,3
DA:72,3
DA:73,3
DA:75,0
DA:86,5
DA:91,5
DA:92,5
DA:93,5
DA:95,0
DA:106,2
DA:113,2
DA:114,2
DA:115,2
DA:117,0
DA:127,2
DA:132,2
DA:133,2
DA:134,2
DA:136,0
LF:39
LH:33
BRDA:11,0,0,0
BRDA:11,0,1,2
BRF:2
BRH:1
end_of_record
TN:
SF:src\dao\UsersDao.ts
FN:27,(anonymous_7)
FN:44,(anonymous_9)
FN:64,(anonymous_11)
FN:85,(anonymous_13)
FN:107,(anonymous_15)
FNF:5
FNH:5
FNDA:2,(anonymous_7)
FNDA:3,(anonymous_9)
FNDA:4,(anonymous_11)
FNDA:2,(anonymous_13)
FNDA:2,(anonymous_15)
DA:1,2
DA:2,2
DA:8,2
DA:9,2
DA:10,2
DA:11,2
DA:13,2
DA:15,2
DA:20,2
DA:28,2
DA:30,2
DA:31,2
DA:32,2
DA:34,0
DA:45,3
DA:50,3
DA:51,3
DA:52,3
DA:54,0
DA:65,4
DA:70,4
DA:71,4
DA:72,4
DA:74,0
DA:86,2
DA:93,2
DA:94,2
DA:95,2
DA:97,0
DA:108,2
DA:113,2
DA:114,2
DA:115,2
DA:117,0
LF:34
LH:29
BRDA:16,0,0,0
BRDA:16,0,1,2
BRF:2
BRH:1
end_of_record
TN:
SF:src\shared\constants.ts
FNF:0
FNH:0
DA:1,4
DA:2,4
DA:3,4
DA:4,4
DA:6,4
DA:15,4
DA:25,4
DA:36,4
DA:43,4
DA:50,4
DA:56,4
LF:11
LH:11
BRDA:8,0,0,4
BRDA:8,0,1,4
BRF:2
BRH:2
end_of_record
TN:
SF:src\shared\functions.ts
FN:29,formatScanResponse
FN:53,isPrimitive
FN:63,isArrayOfPrimitives
FN:66,(anonymous_3)
FN:76,isEmptyArr
FN:96,formatArray
FNF:6
FNH:6
FNDA:12,formatScanResponse
FNDA:42,isPrimitive
FNDA:18,isArrayOfPrimitives
FNDA:6,(anonymous_3)
FNDA:43,isEmptyArr
FNDA:7,formatArray
DA:29,4
DA:30,12
DA:31,12
DA:32,43
DA:33,28
DA:35,15
DA:36,15
DA:37,3
DA:39,12
DA:44,12
DA:53,4
DA:54,42
DA:64,18
DA:66,18
DA:67,18
DA:76,4
DA:77,43
DA:96,4
DA:97,7
DA:98,7
DA:99,11
DA:100,3
DA:103,8
DA:106,7
LF:24
LH:24
BRDA:32,0,0,28
BRDA:32,0,1,15
BRDA:32,1,0,43
BRDA:32,1,1,42
BRDA:32,1,2,18
BRDA:36,2,0,3
BRDA:36,2,1,12
BRDA:66,3,0,18
BRDA:66,3,1,3
BRDA:67,4,0,18
BRDA:67,4,1,3
BRDA:77,5,0,43
BRDA:77,5,1,4
BRDA:99,6,0,3
BRDA:99,6,1,8
BRF:15
BRH:15
end_of_record
