TN:
SF:src\index.ts
FN:45,(anonymous_1)
FNF:1
FNH:0
FNDA:0,(anonymous_1)
DA:1,0
DA:2,0
DA:10,0
DA:19,0
DA:20,0
DA:23,0
DA:24,0
DA:29,0
DA:30,0
DA:31,0
DA:32,0
DA:33,0
DA:34,0
DA:37,0
DA:38,0
DA:39,0
DA:40,0
DA:41,0
DA:42,0
DA:45,0
DA:46,0
LF:21
LH:0
BRF:0
BRH:0
end_of_record
TN:
SF:src\controllers\chirpControllers.ts
FN:7,(anonymous_8)
FN:7,(anonymous_9)
FN:13,getAChirp
FN:19,getUserChirps
FN:25,(anonymous_14)
FN:25,(anonymous_15)
FN:33,(anonymous_16)
FN:33,(anonymous_17)
FN:39,(anonymous_18)
FN:39,(anonymous_19)
FNF:10
FNH:0
FNDA:0,(anonymous_8)
FNDA:0,(anonymous_9)
FNDA:0,getAChirp
FNDA:0,getUserChirps
FNDA:0,(anonymous_14)
FNDA:0,(anonymous_15)
FNDA:0,(anonymous_16)
FNDA:0,(anonymous_17)
FNDA:0,(anonymous_18)
FNDA:0,(anonymous_19)
DA:2,0
DA:4,0
DA:7,0
DA:8,0
DA:9,0
DA:13,0
DA:14,0
DA:15,0
DA:19,0
DA:20,0
DA:21,0
DA:25,0
DA:26,0
DA:27,0
DA:29,0
DA:33,0
DA:34,0
DA:35,0
DA:39,0
DA:40,0
LF:20
LH:0
BRF:0
BRH:0
end_of_record
TN:
SF:src\dao\ChirpsDao.ts
FN:23,(anonymous_7)
FN:35,(anonymous_9)
FN:53,(anonymous_11)
FN:68,(anonymous_13)
FN:83,(anonymous_15)
FN:100,(anonymous_17)
FNF:6
FNH:6
FNDA:1,(anonymous_7)
FNDA:1,(anonymous_9)
FNDA:2,(anonymous_11)
FNDA:4,(anonymous_13)
FNDA:1,(anonymous_15)
FNDA:1,(anonymous_17)
DA:2,1
DA:3,1
DA:4,1
DA:5,1
DA:7,1
DA:18,1
DA:19,1
DA:21,1
DA:24,1
DA:26,1
DA:27,1
DA:28,1
DA:30,0
DA:36,1
DA:44,1
DA:45,1
DA:46,1
DA:48,0
DA:54,2
DA:59,2
DA:60,2
DA:61,2
DA:63,0
DA:69,4
DA:74,4
DA:75,4
DA:76,4
DA:78,0
DA:84,1
DA:91,1
DA:92,1
DA:93,1
DA:95,0
DA:101,1
DA:106,1
DA:107,1
DA:108,1
DA:110,0
LF:38
LH:32
BRDA:9,0,0,1
BRDA:9,0,1,1
BRF:2
BRH:2
end_of_record
TN:
SF:src\dao\UsersDao.ts
FN:30,(anonymous_7)
FN:42,(anonymous_9)
FN:57,(anonymous_11)
FN:72,(anonymous_13)
FN:106,(anonymous_15)
FNF:5
FNH:5
FNDA:1,(anonymous_7)
FNDA:2,(anonymous_9)
FNDA:3,(anonymous_11)
FNDA:1,(anonymous_13)
FNDA:1,(anonymous_15)
DA:2,1
DA:3,1
DA:9,1
DA:10,1
DA:12,1
DA:24,1
DA:25,1
DA:28,1
DA:31,1
DA:33,1
DA:34,1
DA:35,1
DA:37,0
DA:43,2
DA:48,2
DA:49,2
DA:50,2
DA:52,0
DA:58,3
DA:63,3
DA:64,3
DA:65,3
DA:67,0
DA:73,1
DA:80,1
DA:81,1
DA:82,1
DA:84,0
DA:107,1
DA:112,1
DA:113,1
DA:114,1
DA:116,0
LF:33
LH:28
BRDA:14,0,0,1
BRDA:14,0,1,1
BRF:2
BRH:2
end_of_record
